\BOOKMARK [0][-]{chapter.1}{Introduction}{}% 1
\BOOKMARK [0][-]{chapter.2}{Background and Related Work}{}% 2
\BOOKMARK [1][-]{section.2.1}{Background}{chapter.2}% 3
\BOOKMARK [2][-]{subsection.2.1.1}{Networks in Applications}{section.2.1}% 4
\BOOKMARK [2][-]{subsection.2.1.2}{Network Fairness}{section.2.1}% 5
\BOOKMARK [2][-]{subsection.2.1.3}{TCP}{section.2.1}% 6
\BOOKMARK [2][-]{subsection.2.1.4}{UDP}{section.2.1}% 7
\BOOKMARK [2][-]{subsection.2.1.5}{WebSocket}{section.2.1}% 8
\BOOKMARK [2][-]{subsection.2.1.6}{Socket.io}{section.2.1}% 9
\BOOKMARK [2][-]{subsection.2.1.7}{WebRTC}{section.2.1}% 10
\BOOKMARK [2][-]{subsection.2.1.8}{HTML5}{section.2.1}% 11
\BOOKMARK [2][-]{subsection.2.1.9}{Node.js}{section.2.1}% 12
\BOOKMARK [2][-]{subsection.2.1.10}{GameMaker}{section.2.1}% 13
\BOOKMARK [1][-]{section.2.2}{Related Work}{chapter.2}% 14
\BOOKMARK [2][-]{subsection.2.2.1}{Pixi.js, EaselJS, Quintus, Crafty.js and Phaser}{section.2.2}% 15
\BOOKMARK [2][-]{subsection.2.2.2}{Construct 2}{section.2.2}% 16
\BOOKMARK [2][-]{subsection.2.2.3}{Unity}{section.2.2}% 17
\BOOKMARK [0][-]{chapter.3}{Literature Review}{}% 18
\BOOKMARK [1][-]{section.3.1}{Getting Users to Advertise Your Application}{chapter.3}% 19
\BOOKMARK [1][-]{section.3.2}{Fairnesss and Playability in Online Multiplayer Games}{chapter.3}% 20
\BOOKMARK [1][-]{section.3.3}{Multiplayer Networking in Modern Game Engines}{chapter.3}% 21
\BOOKMARK [1][-]{section.3.4}{Details Why WebRTC is Complicated to Handle Efficiently}{chapter.3}% 22
\BOOKMARK [1][-]{section.3.5}{Drawing Graphics with the HTML5 Canvas API}{chapter.3}% 23
\BOOKMARK [1][-]{section.3.6}{Creating Extensions for GameMaker Studio}{chapter.3}% 24
\BOOKMARK [0][-]{chapter.4}{Development}{}% 25
\BOOKMARK [1][-]{section.4.1}{Design}{chapter.4}% 26
\BOOKMARK [2][-]{subsection.4.1.1}{Prior Considerations}{section.4.1}% 27
\BOOKMARK [2][-]{subsection.4.1.2}{Server and Client}{section.4.1}% 28
\BOOKMARK [1][-]{section.4.2}{Implementation}{chapter.4}% 29
\BOOKMARK [2][-]{subsection.4.2.1}{Server}{section.4.2}% 30
\BOOKMARK [2][-]{subsection.4.2.2}{Client}{section.4.2}% 31
\BOOKMARK [2][-]{subsection.4.2.3}{The Extension}{section.4.2}% 32
\BOOKMARK [1][-]{section.4.3}{Applications Developed with the Extension}{chapter.4}% 33
\BOOKMARK [2][-]{subsection.4.3.1}{Benchmark Application}{section.4.3}% 34
\BOOKMARK [2][-]{subsection.4.3.2}{Real Game Application}{section.4.3}% 35
\BOOKMARK [2][-]{subsection.4.3.3}{Developer Template}{section.4.3}% 36
\BOOKMARK [0][-]{chapter.5}{Network Extension Evaluation}{}% 37
\BOOKMARK [1][-]{section.5.1}{Controlled Network}{chapter.5}% 38
\BOOKMARK [2][-]{subsection.5.1.1}{Concurrent Connections}{section.5.1}% 39
\BOOKMARK [2][-]{subsection.5.1.2}{Message Broadcasting Performance}{section.5.1}% 40
\BOOKMARK [1][-]{section.5.2}{Real Network Results}{chapter.5}% 41
\BOOKMARK [2][-]{subsection.5.2.1}{Location-wise Delay Fairness}{section.5.2}% 42
\BOOKMARK [0][-]{chapter.6}{Conclusion and Future Work}{}% 43
\BOOKMARK [1][-]{section.6.1}{Conclusion}{chapter.6}% 44
\BOOKMARK [2][-]{subsection.6.1.1}{Comparison of the Extended GameMaker Functionality with Related Work}{section.6.1}% 45
\BOOKMARK [2][-]{subsection.6.1.2}{Criticism on the Implementation and Design Decisions}{section.6.1}% 46
\BOOKMARK [1][-]{section.6.2}{Note to developers}{chapter.6}% 47
\BOOKMARK [1][-]{section.6.3}{Future Improvements}{chapter.6}% 48
\BOOKMARK [0][-]{chapter*.27}{}{}% 49
